-------------------------------------------------------------------------------
Test set: com.usk.demo.EurekaServerApplicationTests
-------------------------------------------------------------------------------
Tests run: 1, Failures: 0, Errors: 1, Skipped: 0, Time elapsed: 0.316 s <<< FAILURE! - in com.usk.demo.EurekaServerApplicationTests
com.usk.demo.EurekaServerApplicationTests  Time elapsed: 0.313 s  <<< ERROR!
java.lang.IllegalStateException: Unable to find a @SpringBootConfiguration, you need to use @ContextConfiguration or @SpringBootTest(classes=...) with your test

