-------------------------------------------------------------------------------
Test set: com.example.batchdemo.BatchdemoApplicationTests
-------------------------------------------------------------------------------
Tests run: 1, Failures: 0, Errors: 1, Skipped: 0, Time elapsed: 0.593 s <<< FAILURE! - in com.example.batchdemo.BatchdemoApplicationTests
com.example.batchdemo.BatchdemoApplicationTests  Time elapsed: 0.593 s  <<< ERROR!
java.lang.IllegalStateException: Unable to find a @SpringBootConfiguration, you need to use @ContextConfiguration or @SpringBootTest(classes=...) with your test

